<?xml version="1.0" encoding="UTF-8"?>
<testsuites name="Test Suite Collection 01" time="43.743" tests="2" failures="0" errors="0">
   <testsuite name="Test Suite 01" tests="2" failures="0" errors="0" time="32.626" skipped="0" timestamp="10-12-2023T17:34:31" hostname="1878 - 192.168.10.118" id="Test Suites/Test Suite 01">
      <properties>
         <property name="deviceName" value=""/>
         <property name="devicePlatform" value=""/>
         <property name="logFolder" value="C:\\Users\\1878\\git\\WebiGloPOC\\WebiGloPOC\\Reports\\20231210_173354\\Test Suite 01\\20231210_173417"/>
         <property name="logFiles" value="C:\\Users\\1878\\git\\WebiGloPOC\\WebiGloPOC\\Reports\\20231210_173354\\Test Suite 01\\20231210_173417\\execution0.log"/>
         <property name="attachments" value="keyes\keyes-logon_page.png"/>
         <property name="hostName" value="1878 - 192.168.10.118"/>
         <property name="os" value="Windows 11 64bit"/>
         <property name="katalonVersion" value="9.1.0.212"/>
         <property name="browser" value="Chrome 119.0.0.0"/>
         <property name="hostAddress" value="192.168.10.118"/>
         <property name="sessionId" value="f74b55a884b8e437f7501f5420d6df02"/>
         <property name="seleniumVersion" value="3.141.59"/>
         <property name="proxyInformation" value="ProxyInformation { proxyOption=NO_PROXY, proxyServerType=HTTP, username=, password=********, proxyServerAddress=, proxyServerPort=0, executionList=&quot;&quot;, isApplyToDesiredCapabilities=true }"/>
         <property name="platform" value="Windows 11"/>
      </properties>
      <testcase name="Test Cases/Open StarBridges" time="27.91" classname="Test Cases/Open StarBridges" status="PASSED">
         <system-out><![CDATA[10-12-2023T17:34:32 - [TEST_CASE][PASSED] - Test Cases/Open StarBridges: Test Cases/Open StarBridges

10-12-2023T17:34:32 - [TEST_STEP][PASSED] - openBrowser(""): Browser is opened with url: ''

10-12-2023T17:34:32 - [MESSAGE][INFO] - Starting 'Chrome' driver

10-12-2023T17:34:32 - [MESSAGE][INFO] - Action delay is set to 0 milliseconds

10-12-2023T17:34:35 - [MESSAGE][PASSED] - Browser is opened with url: ''

10-12-2023T17:34:35 - [TEST_STEP][PASSED] - navigateToUrl("https://starbridges.indocyber.co.id/Application/Account/Login?ReturnUrl=%2fApplication"): Navigate to 'https://starbridges.indocyber.co.id/Application/Account/Login?ReturnUrl=%2fApplication' successfully

10-12-2023T17:34:55 - [MESSAGE][PASSED] - Navigate to 'https://starbridges.indocyber.co.id/Application/Account/Login?ReturnUrl=%2fApplication' successfully

10-12-2023T17:34:55 - [TEST_STEP][PASSED] - setText(findTestObject("Object Repository/Page_Login/input_LoginName"), "23123"): Text '23123' is set on object 'Object Repository/Page_Login/input_LoginName'

10-12-2023T17:34:56 - [MESSAGE][PASSED] - Text '23123' is set on object 'Object Repository/Page_Login/input_LoginName'

10-12-2023T17:34:56 - [TEST_STEP][PASSED] - click(findTestObject("Object Repository/Page_Login/input_LoginName")): Object: 'Object Repository/Page_Login/input_LoginName' is clicked on

10-12-2023T17:34:56 - [MESSAGE][PASSED] - Object: 'Object Repository/Page_Login/input_LoginName' is clicked on

10-12-2023T17:34:56 - [TEST_STEP][PASSED] - setEncryptedText(findTestObject("Object Repository/Page_Login/input_Password"), "CSt51UwWECc="): Text ****** has been set on object 'Object Repository/Page_Login/input_Password'

10-12-2023T17:34:57 - [MESSAGE][PASSED] - Text ****** has been set on object 'Object Repository/Page_Login/input_Password'

10-12-2023T17:34:57 - [TEST_STEP][PASSED] - click(findTestObject("Object Repository/Page_Login/button_Sign in")): Object: 'Object Repository/Page_Login/button_Sign in' is clicked on

10-12-2023T17:34:58 - [MESSAGE][PASSED] - Object: 'Object Repository/Page_Login/button_Sign in' is clicked on

10-12-2023T17:34:58 - [TEST_STEP][PASSED] - takeScreenshotAsCheckpoint("logon_page"): Taking screenshot successfully

10-12-2023T17:34:59 - [MESSAGE][INFO] - 0 hidden object(s)

10-12-2023T17:34:59 - [MESSAGE][PASSED] - Taking screenshot successfully
[[ATTACHMENT|keyes\keyes-logon_page.png]]

10-12-2023T17:34:59 - [TEST_STEP][PASSED] - closeBrowser(): Browser is closed

10-12-2023T17:34:59 - [MESSAGE][PASSED] - Browser is closed

10-12-2023T17:34:59 - [TEST_STEP][PASSED] - Start listener action : terminateRunningWebDrivers: null

10-12-2023T17:34:59 - [TEST_STEP][PASSED] - cleanup(): null]]></system-out>
         <system-err><![CDATA[]]></system-err>
      </testcase>
      <testcase name="Test Cases/Open Wiki" time="4.248" classname="Test Cases/Open Wiki" status="PASSED">
         <system-out><![CDATA[10-12-2023T17:35:00 - [TEST_CASE][PASSED] - Test Cases/Open Wiki: Test Cases/Open Wiki

10-12-2023T17:35:00 - [TEST_STEP][PASSED] - openBrowser(""): Browser is opened with url: ''

10-12-2023T17:35:00 - [MESSAGE][INFO] - Starting 'Chrome' driver

10-12-2023T17:35:00 - [MESSAGE][INFO] - Action delay is set to 0 milliseconds

10-12-2023T17:35:01 - [MESSAGE][PASSED] - Browser is opened with url: ''

10-12-2023T17:35:01 - [TEST_STEP][PASSED] - navigateToUrl("https://www.wikipedia.org/"): Navigate to 'https://www.wikipedia.org/' successfully

10-12-2023T17:35:02 - [MESSAGE][PASSED] - Navigate to 'https://www.wikipedia.org/' successfully

10-12-2023T17:35:02 - [TEST_STEP][PASSED] - setText(findTestObject("Object Repository/Page_Wikipedia/input_search"), "indonesia"): Text 'indonesia' is set on object 'Object Repository/Page_Wikipedia/input_search'

10-12-2023T17:35:03 - [MESSAGE][PASSED] - Text 'indonesia' is set on object 'Object Repository/Page_Wikipedia/input_search'

10-12-2023T17:35:03 - [TEST_STEP][PASSED] - closeBrowser(): Browser is closed

10-12-2023T17:35:03 - [MESSAGE][PASSED] - Browser is closed

10-12-2023T17:35:03 - [TEST_STEP][PASSED] - Start listener action : terminateRunningWebDrivers: null

10-12-2023T17:35:03 - [TEST_STEP][PASSED] - cleanup(): null]]></system-out>
         <system-err><![CDATA[]]></system-err>
      </testcase>
      <system-out><![CDATA[10-12-2023T17:34:31 - [TEST_SUITE][PASSED] - Test Suite 01: Test Cases/Open Wiki]]></system-out>
      <system-err><![CDATA[]]></system-err>
   </testsuite>
</testsuites>
