<?xml version="1.0" encoding="UTF-8"?>
<testsuites name="Test Suite Collection 01" time="16.891" tests="2" failures="0" errors="0">
   <testsuite name="Test Suite 01" tests="2" failures="0" errors="0" time="11.824" skipped="0" timestamp="08-12-2023T11:47:20" hostname="1878 - LAPTOP-95N5CJET" id="Test Suites/Test Suite 01">
      <properties>
         <property name="deviceName" value=""/>
         <property name="devicePlatform" value=""/>
         <property name="logFolder" value="C:\\Users\\1878\\OneDrive\\Desktop\\List API\\testops-visual-testing-sample-master\\Reports\\20231208_114713\\Test Suite 01\\20231208_114714"/>
         <property name="logFiles" value="C:\\Users\\1878\\OneDrive\\Desktop\\List API\\testops-visual-testing-sample-master\\Reports\\20231208_114713\\Test Suite 01\\20231208_114714\\execution0.log"/>
         <property name="attachments" value=""/>
         <property name="hostName" value="1878 - LAPTOP-95N5CJET"/>
         <property name="os" value="Windows 11 64bit"/>
         <property name="katalonVersion" value="9.1.0.212"/>
         <property name="browser" value="Chrome 119.0.0.0"/>
         <property name="hostAddress" value="192.168.10.128"/>
         <property name="sessionId" value="5b0bbbacf759378258532d965b8dec0b"/>
         <property name="seleniumVersion" value="3.141.59"/>
         <property name="proxyInformation" value="ProxyInformation { proxyOption=NO_PROXY, proxyServerType=HTTP, username=, password=********, proxyServerAddress=, proxyServerPort=0, executionList=&quot;&quot;, isApplyToDesiredCapabilities=true }"/>
         <property name="platform" value="Windows 11"/>
      </properties>
      <testcase name="Test Cases/Open StarBridges" time="7.627" classname="Test Cases/Open StarBridges" status="PASSED">
         <system-out><![CDATA[08-12-2023T11:47:21 - [TEST_CASE][PASSED] - Test Cases/Open StarBridges: Test Cases/Open StarBridges

08-12-2023T11:47:21 - [TEST_STEP][PASSED] - openBrowser(""): Browser is opened with url: ''

08-12-2023T11:47:22 - [MESSAGE][INFO] - Starting 'Chrome' driver

08-12-2023T11:47:22 - [MESSAGE][INFO] - Action delay is set to 0 milliseconds

08-12-2023T11:47:23 - [MESSAGE][PASSED] - Browser is opened with url: ''

08-12-2023T11:47:23 - [TEST_STEP][PASSED] - navigateToUrl("https://starbridges.indocyber.co.id/Application/Account/Login?ReturnUrl=%2fApplication"): Navigate to 'https://starbridges.indocyber.co.id/Application/Account/Login?ReturnUrl=%2fApplication' successfully

08-12-2023T11:47:26 - [MESSAGE][PASSED] - Navigate to 'https://starbridges.indocyber.co.id/Application/Account/Login?ReturnUrl=%2fApplication' successfully

08-12-2023T11:47:26 - [TEST_STEP][PASSED] - setText(findTestObject("Object Repository/Page_Login/input_LoginName"), "23123"): Text '23123' is set on object 'Object Repository/Page_Login/input_LoginName'

08-12-2023T11:47:27 - [MESSAGE][PASSED] - Text '23123' is set on object 'Object Repository/Page_Login/input_LoginName'

08-12-2023T11:47:27 - [TEST_STEP][PASSED] - click(findTestObject("Object Repository/Page_Login/input_LoginName")): Object: 'Object Repository/Page_Login/input_LoginName' is clicked on

08-12-2023T11:47:27 - [MESSAGE][PASSED] - Object: 'Object Repository/Page_Login/input_LoginName' is clicked on

08-12-2023T11:47:27 - [TEST_STEP][PASSED] - setEncryptedText(findTestObject("Object Repository/Page_Login/input_Password"), "CSt51UwWECc="): Text ****** has been set on object 'Object Repository/Page_Login/input_Password'

08-12-2023T11:47:27 - [MESSAGE][PASSED] - Text ****** has been set on object 'Object Repository/Page_Login/input_Password'

08-12-2023T11:47:27 - [TEST_STEP][PASSED] - click(findTestObject("Object Repository/Page_Login/button_Sign in")): Object: 'Object Repository/Page_Login/button_Sign in' is clicked on

08-12-2023T11:47:28 - [MESSAGE][PASSED] - Object: 'Object Repository/Page_Login/button_Sign in' is clicked on

08-12-2023T11:47:28 - [TEST_STEP][PASSED] - closeBrowser(): Browser is closed

08-12-2023T11:47:28 - [MESSAGE][PASSED] - Browser is closed

08-12-2023T11:47:28 - [TEST_STEP][PASSED] - Start listener action : terminateRunningWebDrivers: null

08-12-2023T11:47:28 - [TEST_STEP][PASSED] - cleanup(): null]]></system-out>
         <system-err><![CDATA[]]></system-err>
      </testcase>
      <testcase name="Test Cases/Open Wiki" time="3.688" classname="Test Cases/Open Wiki" status="PASSED">
         <system-out><![CDATA[08-12-2023T11:47:29 - [TEST_CASE][PASSED] - Test Cases/Open Wiki: Test Cases/Open Wiki

08-12-2023T11:47:29 - [TEST_STEP][PASSED] - openBrowser(""): Browser is opened with url: ''

08-12-2023T11:47:29 - [MESSAGE][INFO] - Starting 'Chrome' driver

08-12-2023T11:47:29 - [MESSAGE][INFO] - Action delay is set to 0 milliseconds

08-12-2023T11:47:29 - [MESSAGE][PASSED] - Browser is opened with url: ''

08-12-2023T11:47:29 - [TEST_STEP][PASSED] - navigateToUrl("https://www.wikipedia.org/"): Navigate to 'https://www.wikipedia.org/' successfully

08-12-2023T11:47:31 - [MESSAGE][PASSED] - Navigate to 'https://www.wikipedia.org/' successfully

08-12-2023T11:47:31 - [TEST_STEP][PASSED] - setText(findTestObject("Object Repository/Page_Wikipedia/input_search"), "indonesia"): Text 'indonesia' is set on object 'Object Repository/Page_Wikipedia/input_search'

08-12-2023T11:47:32 - [MESSAGE][PASSED] - Text 'indonesia' is set on object 'Object Repository/Page_Wikipedia/input_search'

08-12-2023T11:47:32 - [TEST_STEP][PASSED] - closeBrowser(): Browser is closed

08-12-2023T11:47:32 - [MESSAGE][PASSED] - Browser is closed

08-12-2023T11:47:32 - [TEST_STEP][PASSED] - Start listener action : terminateRunningWebDrivers: null

08-12-2023T11:47:32 - [TEST_STEP][PASSED] - cleanup(): null]]></system-out>
         <system-err><![CDATA[]]></system-err>
      </testcase>
      <system-out><![CDATA[08-12-2023T11:47:20 - [TEST_SUITE][PASSED] - Test Suite 01: Test Cases/Open Wiki]]></system-out>
      <system-err><![CDATA[]]></system-err>
   </testsuite>
</testsuites>
